<?xml version="1.0" encoding="UTF-8"?>
<testng-results ignored="0" total="2" passed="2" failed="0" skipped="0">
  <reporter-output>
  </reporter-output>
  <suite started-at="2024-08-03T23:39:52 IST" name="Suite" finished-at="2024-08-03T23:42:04 IST" duration-ms="132568">
    <groups>
    </groups>
    <test started-at="2024-08-03T23:39:52 IST" name="Test" finished-at="2024-08-03T23:42:04 IST" duration-ms="132568">
      <class name="testscripts.TestingPage">
        <test-method is-config="true" signature="launchBrowser()[pri:0, instance:testscripts.TestingPage@194bcebf]" started-at="2024-08-03T23:39:52 IST" name="launchBrowser" finished-at="2024-08-03T23:40:02 IST" duration-ms="10674" status="PASS">
          <reporter-output>
          </reporter-output>
        </test-method> <!-- launchBrowser -->
        <test-method is-config="true" signature="setup()[pri:0, instance:testscripts.TestingPage@194bcebf]" started-at="2024-08-03T23:40:02 IST" name="setup" finished-at="2024-08-03T23:40:08 IST" duration-ms="5607" status="PASS">
          <reporter-output>
          </reporter-output>
        </test-method> <!-- setup -->
        <test-method signature="positiveScenarioUser()[pri:0, instance:testscripts.TestingPage@194bcebf]" started-at="2024-08-03T23:40:08 IST" name="positiveScenarioUser" finished-at="2024-08-03T23:40:59 IST" duration-ms="51071" status="PASS">
          <reporter-output>
          </reporter-output>
        </test-method> <!-- positiveScenarioUser -->
        <test-method is-config="true" signature="tearDown()[pri:0, instance:testscripts.TestingPage@194bcebf]" started-at="2024-08-03T23:40:59 IST" name="tearDown" finished-at="2024-08-03T23:41:00 IST" duration-ms="1430" status="PASS">
          <reporter-output>
          </reporter-output>
        </test-method> <!-- tearDown -->
        <test-method is-config="true" signature="setup()[pri:0, instance:testscripts.TestingPage@194bcebf]" started-at="2024-08-03T23:41:00 IST" name="setup" finished-at="2024-08-03T23:41:05 IST" duration-ms="4419" status="PASS">
          <reporter-output>
          </reporter-output>
        </test-method> <!-- setup -->
        <test-method signature="add_twoitems_to_cart()[pri:1, instance:testscripts.TestingPage@194bcebf]" started-at="2024-08-03T23:41:05 IST" name="add_twoitems_to_cart" finished-at="2024-08-03T23:42:02 IST" duration-ms="57260" status="PASS">
          <reporter-output>
          </reporter-output>
        </test-method> <!-- add_twoitems_to_cart -->
        <test-method is-config="true" signature="tearDown()[pri:0, instance:testscripts.TestingPage@194bcebf]" started-at="2024-08-03T23:42:02 IST" name="tearDown" finished-at="2024-08-03T23:42:04 IST" duration-ms="2044" status="PASS">
          <reporter-output>
          </reporter-output>
        </test-method> <!-- tearDown -->
      </class> <!-- testscripts.TestingPage -->
    </test> <!-- Test -->
  </suite> <!-- Suite -->
</testng-results>
